# JRE version: Java(TM) SE Runtime Environment 18.9 (11.0.7+8) (build 11.0.7+8-LTS)
# Java VM: Java HotSpot(TM) 64-Bit Server VM 18.9 (11.0.7+8-LTS, mixed mode, tiered, compressed oops, g1 gc, windows-amd64)
Heap:
 garbage-first heap   total 192512K, used 14014K [0x0000000080000000, 0x0000000100000000)
  region size 1024K, 7 young (7168K), 7 survivors (7168K)
 Metaspace       used 32260K, capacity 33328K, committed 33584K, reserved 1079296K
  class space    used 4075K, capacity 4475K, committed 4480K, reserved 1048576K
GC Heap History (10 events):
Event: 2.819 GC heap after
{Heap after GC invocations=3 (full 0):
 garbage-first heap   total 131072K, used 7091K [0x0000000080000000, 0x0000000100000000)
  region size 1024K, 2 young (2048K), 2 survivors (2048K)
 Metaspace       used 13907K, capacity 14187K, committed 14464K, reserved 1062912K
  class space    used 1470K, capacity 1587K, committed 1664K, reserved 1048576K
}
Event: 2.886 GC heap before
{Heap before GC invocations=3 (full 0):
 garbage-first heap   total 131072K, used 20403K [0x0000000080000000, 0x0000000100000000)
  region size 1024K, 16 young (16384K), 2 survivors (2048K)
 Metaspace       used 14148K, capacity 14469K, committed 14720K, reserved 1062912K
  class space    used 1497K, capacity 1596K, committed 1664K, reserved 1048576K
}
Event: 2.897 GC heap after
{Heap after GC invocations=4 (full 0):
 garbage-first heap   total 131072K, used 7290K [0x0000000080000000, 0x0000000100000000)
  region size 1024K, 1 young (1024K), 1 survivors (1024K)
 Metaspace       used 14148K, capacity 14469K, committed 14720K, reserved 1062912K
  class space    used 1497K, capacity 1596K, committed 1664K, reserved 1048576K
}
Event: 2.924 GC heap before
{Heap before GC invocations=4 (full 0):
 garbage-first heap   total 131072K, used 28794K [0x0000000080000000, 0x0000000100000000)
  region size 1024K, 23 young (23552K), 1 survivors (1024K)
 Metaspace       used 14148K, capacity 14469K, committed 14720K, reserved 1062912K
  class space    used 1497K, capacity 1596K, committed 1664K, reserved 1048576K
}
Event: 2.925 GC heap after
{Heap after GC invocations=5 (full 0):
 garbage-first heap   total 131072K, used 7307K [0x0000000080000000, 0x0000000100000000)
  region size 1024K, 1 young (1024K), 1 survivors (1024K)
 Metaspace       used 14148K, capacity 14469K, committed 14720K, reserved 1062912K
  class space    used 1497K, capacity 1596K, committed 1664K, reserved 1048576K
}
Event: 4.088 GC heap before
{Heap before GC invocations=5 (full 0):
 garbage-first heap   total 131072K, used 57483K [0x0000000080000000, 0x0000000100000000)
  region size 1024K, 51 young (52224K), 1 survivors (1024K)
 Metaspace       used 20597K, capacity 21111K, committed 21296K, reserved 1069056K
  class space    used 2463K, capacity 2668K, committed 2688K, reserved 1048576K
}
Event: 4.095 GC heap after
{Heap after GC invocations=6 (full 0):
 garbage-first heap   total 131072K, used 8823K [0x0000000080000000, 0x0000000100000000)
  region size 1024K, 2 young (2048K), 2 survivors (2048K)
 Metaspace       used 20597K, capacity 21111K, committed 21296K, reserved 1069056K
  class space    used 2463K, capacity 2668K, committed 2688K, reserved 1048576K
}
Event: 5.463 GC heap before
{Heap before GC invocations=7 (full 0):
 garbage-first heap   total 131072K, used 83575K [0x0000000080000000, 0x0000000100000000)
  region size 1024K, 76 young (77824K), 2 survivors (2048K)
 Metaspace       used 26133K, capacity 26901K, committed 26928K, reserved 1073152K
  class space    used 3170K, capacity 3453K, committed 3456K, reserved 1048576K
}
Event: 5.474 GC heap after
{Heap after GC invocations=8 (full 0):
 garbage-first heap   total 131072K, used 10412K [0x0000000080000000, 0x0000000100000000)
  region size 1024K, 4 young (4096K), 4 survivors (4096K)
 Metaspace       used 26133K, capacity 26901K, committed 26928K, reserved 1073152K
  class space    used 3170K, capacity 3453K, committed 3456K, reserved 1048576K
}
Event: 8.532 GC heap before
{Heap before GC invocations=8 (full 0):
 garbage-first heap   total 131072K, used 84140K [0x0000000080000000, 0x0000000100000000)
  region size 1024K, 76 young (77824K), 4 survivors (4096K)
 Metaspace       used 32260K, capacity 33328K, committed 33584K, reserved 1079296K
  class space    used 4075K, capacity 4475K, committed 4480K, reserved 1048576K
}

